H:\Sem 5 Summer 2013(BYU)\Lab4_VirtualMemory\Debug\cl.command.1.tlog
H:\Sem 5 Summer 2013(BYU)\Lab4_VirtualMemory\Debug\CL.read.1.tlog
H:\Sem 5 Summer 2013(BYU)\Lab4_VirtualMemory\Debug\CL.write.1.tlog
H:\SEM 5 SUMMER 2013(BYU)\LAB4_VIRTUALMEMORY\DEBUG\LAB4_VIRTUALMEMORY.EXE
H:\SEM 5 SUMMER 2013(BYU)\LAB4_VIRTUALMEMORY\DEBUG\LAB4_VIRTUALMEMORY.EXE.EMBED.MANIFEST
H:\SEM 5 SUMMER 2013(BYU)\LAB4_VIRTUALMEMORY\DEBUG\LAB4_VIRTUALMEMORY.EXE.EMBED.MANIFEST.RES
H:\SEM 5 SUMMER 2013(BYU)\LAB4_VIRTUALMEMORY\DEBUG\LAB4_VIRTUALMEMORY.EXE.INTERMEDIATE.MANIFEST
H:\SEM 5 SUMMER 2013(BYU)\LAB4_VIRTUALMEMORY\DEBUG\LAB4_VIRTUALMEMORY.ILK
H:\SEM 5 SUMMER 2013(BYU)\LAB4_VIRTUALMEMORY\DEBUG\LAB4_VIRTUALMEMORY.PDB
H:\Sem 5 Summer 2013(BYU)\Lab4_VirtualMemory\Debug\Lab4_VirtualMemory_manifest.rc
H:\Sem 5 Summer 2013(BYU)\Lab4_VirtualMemory\Debug\link.1248.read.1.tlog
H:\Sem 5 Summer 2013(BYU)\Lab4_VirtualMemory\Debug\link.1248.write.1.tlog
H:\Sem 5 Summer 2013(BYU)\Lab4_VirtualMemory\Debug\link.1248-cvtres.read.1.tlog
H:\Sem 5 Summer 2013(BYU)\Lab4_VirtualMemory\Debug\link.1248-cvtres.write.1.tlog
H:\Sem 5 Summer 2013(BYU)\Lab4_VirtualMemory\Debug\link.command.1.tlog
H:\Sem 5 Summer 2013(BYU)\Lab4_VirtualMemory\Debug\link.read.1.tlog
H:\Sem 5 Summer 2013(BYU)\Lab4_VirtualMemory\Debug\link.write.1.tlog
H:\Sem 5 Summer 2013(BYU)\Lab4_VirtualMemory\Debug\link-cvtres.read.1.tlog
H:\Sem 5 Summer 2013(BYU)\Lab4_VirtualMemory\Debug\link-cvtres.write.1.tlog
H:\Sem 5 Summer 2013(BYU)\Lab4_VirtualMemory\Debug\mt.command.1.tlog
H:\Sem 5 Summer 2013(BYU)\Lab4_VirtualMemory\Debug\mt.read.1.tlog
H:\Sem 5 Summer 2013(BYU)\Lab4_VirtualMemory\Debug\mt.write.1.tlog
H:\SEM 5 SUMMER 2013(BYU)\LAB4_VIRTUALMEMORY\DEBUG\OS345.OBJ
H:\SEM 5 SUMMER 2013(BYU)\LAB4_VIRTUALMEMORY\DEBUG\OS345FAT.OBJ
H:\SEM 5 SUMMER 2013(BYU)\LAB4_VIRTUALMEMORY\DEBUG\OS345LC3.OBJ
H:\SEM 5 SUMMER 2013(BYU)\LAB4_VIRTUALMEMORY\DEBUG\OS345MMU.OBJ
H:\SEM 5 SUMMER 2013(BYU)\LAB4_VIRTUALMEMORY\DEBUG\OS345P1.OBJ
H:\SEM 5 SUMMER 2013(BYU)\LAB4_VIRTUALMEMORY\DEBUG\OS345P2.OBJ
H:\SEM 5 SUMMER 2013(BYU)\LAB4_VIRTUALMEMORY\DEBUG\OS345P3.OBJ
H:\SEM 5 SUMMER 2013(BYU)\LAB4_VIRTUALMEMORY\DEBUG\OS345P4.OBJ
H:\SEM 5 SUMMER 2013(BYU)\LAB4_VIRTUALMEMORY\DEBUG\OS345P5.OBJ
H:\SEM 5 SUMMER 2013(BYU)\LAB4_VIRTUALMEMORY\DEBUG\OS345P6.OBJ
H:\SEM 5 SUMMER 2013(BYU)\LAB4_VIRTUALMEMORY\DEBUG\OS345PARK.OBJ
H:\Sem 5 Summer 2013(BYU)\Lab4_VirtualMemory\Debug\rc.command.1.tlog
H:\Sem 5 Summer 2013(BYU)\Lab4_VirtualMemory\Debug\rc.read.1.tlog
H:\Sem 5 Summer 2013(BYU)\Lab4_VirtualMemory\Debug\rc.write.1.tlog
H:\Sem 5 Summer 2013(BYU)\Lab4_VirtualMemory\Debug\vc100.idb
H:\SEM 5 SUMMER 2013(BYU)\LAB4_VIRTUALMEMORY\DEBUG\VC100.PDB
