Build started 11/7/2014 1:14:33 PM.
     1>Project "U:\Desktop\sem8fall2014\cs3500\TowersOfHanoi\TowersOfHanoi\TowersOfHanoi.vcxproj" on node 2 (build target(s)).
     1>InitializeBuildStatus:
         Creating "Debug\TowersOfHanoi.unsuccessfulbuild" because "AlwaysCreate" was specified.
       ClCompile:
         All outputs are up-to-date.
         c:\Program Files (x86)\Microsoft Visual Studio 10.0\VC\bin\CL.exe /c /ZI /nologo /W3 /WX- /Od /Oy- /D WIN32 /D _WINDOWS /D _DEBUG /D _UNICODE /D UNICODE /D _AFXDLL /Gm /EHsc /RTC1 /MDd /GS /fp:precise /Zc:wchar_t /Zc:forScope /Yu"StdAfx.h" /Fp"Debug\TowersOfHanoi.pch" /Fo"Debug\\" /Fd"Debug\vc100.pdb" /Gd /TP /analyze- /errorReport:prompt TowersOfHanoi.cpp TowersOfHanoiDlg.cpp
         TowersOfHanoiDlg.cpp
     1>u:\desktop\sem8fall2014\cs3500\towersofhanoi\towersofhanoi\towersofhanoidlg.cpp(153): warning C4244: 'initializing' : conversion from 'const double' to 'int', possible loss of data
     1>u:\desktop\sem8fall2014\cs3500\towersofhanoi\towersofhanoi\towersofhanoidlg.cpp(154): warning C4244: 'initializing' : conversion from 'const double' to 'int', possible loss of data
     1>u:\desktop\sem8fall2014\cs3500\towersofhanoi\towersofhanoi\towersofhanoidlg.cpp(155): warning C4244: 'initializing' : conversion from 'const double' to 'int', possible loss of data
     1>u:\desktop\sem8fall2014\cs3500\towersofhanoi\towersofhanoi\towersofhanoidlg.cpp(156): warning C4244: 'initializing' : conversion from 'const double' to 'int', possible loss of data
         TowersOfHanoi.cpp
         Generating Code...
       ResourceCompile:
         All outputs are up-to-date.
       ManifestResourceCompile:
         All outputs are up-to-date.
       Link:
         c:\Program Files (x86)\Microsoft Visual Studio 10.0\VC\bin\link.exe /ERRORREPORT:PROMPT /OUT:"U:\Desktop\sem8fall2014\cs3500\TowersOfHanoi\Debug\TowersOfHanoi.exe" /INCREMENTAL /NOLOGO /MANIFEST /ManifestFile:"Debug\TowersOfHanoi.exe.intermediate.manifest" /MANIFESTUAC:"level='asInvoker' uiAccess='false'" /DEBUG /PDB:"U:\Desktop\sem8fall2014\cs3500\TowersOfHanoi\Debug\TowersOfHanoi.pdb" /SUBSYSTEM:WINDOWS /TLBID:1 /ENTRY:"wWinMainCRTStartup" /DYNAMICBASE /NXCOMPAT /IMPLIB:"U:\Desktop\sem8fall2014\cs3500\TowersOfHanoi\Debug\TowersOfHanoi.lib" /MACHINE:X86 Debug\TowersOfHanoi.res
         Debug\TowersOfHanoi.exe.embed.manifest.res
         Debug\stdafx.obj
         Debug\TowersOfHanoi.obj
         Debug\TowersOfHanoiDlg.obj
       Manifest:
         C:\Program Files (x86)\Microsoft SDKs\Windows\v7.0A\bin\mt.exe /nologo /verbose /out:"Debug\TowersOfHanoi.exe.embed.manifest" /manifest Debug\TowersOfHanoi.exe.intermediate.manifest "c:\Program Files (x86)\Microsoft Visual Studio 10.0\VC\Include\Manifest\dpiaware.manifest"
         All outputs are up-to-date.
       LinkEmbedManifest:
         c:\Program Files (x86)\Microsoft Visual Studio 10.0\VC\bin\link.exe /ERRORREPORT:PROMPT /OUT:"U:\Desktop\sem8fall2014\cs3500\TowersOfHanoi\Debug\TowersOfHanoi.exe" /INCREMENTAL /NOLOGO /MANIFEST /ManifestFile:"Debug\TowersOfHanoi.exe.intermediate.manifest" /MANIFESTUAC:"level='asInvoker' uiAccess='false'" /DEBUG /PDB:"U:\Desktop\sem8fall2014\cs3500\TowersOfHanoi\Debug\TowersOfHanoi.pdb" /SUBSYSTEM:WINDOWS /TLBID:1 /ENTRY:"wWinMainCRTStartup" /DYNAMICBASE /NXCOMPAT /IMPLIB:"U:\Desktop\sem8fall2014\cs3500\TowersOfHanoi\Debug\TowersOfHanoi.lib" /MACHINE:X86 Debug\TowersOfHanoi.res
         Debug\TowersOfHanoi.exe.embed.manifest.res
         Debug\stdafx.obj
         Debug\TowersOfHanoi.obj
         Debug\TowersOfHanoiDlg.obj
         TowersOfHanoi.vcxproj -> U:\Desktop\sem8fall2014\cs3500\TowersOfHanoi\Debug\TowersOfHanoi.exe
       FinalizeBuildStatus:
         Deleting file "Debug\TowersOfHanoi.unsuccessfulbuild".
         Touching "Debug\TowersOfHanoi.lastbuildstate".
     1>Done Building Project "U:\Desktop\sem8fall2014\cs3500\TowersOfHanoi\TowersOfHanoi\TowersOfHanoi.vcxproj" (build target(s)).

Build succeeded.

Time Elapsed 00:00:08.67
