Build started 11/7/2014 1:35:08 PM.
     1>Project "U:\Desktop\sem8fall2014\cs3500\MFC\TOH_Done_Bart2013\TOH\TOH.vcxproj" on node 2 (build target(s)).
     1>PrepareForBuild:
         Creating directory "U:\Desktop\sem8fall2014\cs3500\MFC\TOH_Done_Bart2013\Debug\".
       InitializeBuildStatus:
         Creating "Debug\TOH.unsuccessfulbuild" because "AlwaysCreate" was specified.
       ClCompile:
         c:\Program Files (x86)\Microsoft Visual Studio 10.0\VC\bin\CL.exe /c /ZI /nologo /W3 /WX- /Od /Oy- /D WIN32 /D _WINDOWS /D _DEBUG /D _UNICODE /D UNICODE /D _AFXDLL /Gm /EHsc /RTC1 /MDd /GS /fp:precise /Zc:wchar_t /Zc:forScope /Yc"StdAfx.h" /Fp"Debug\TOH.pch" /Fo"Debug\\" /Fd"Debug\vc100.pdb" /Gd /TP /analyze- /errorReport:prompt stdafx.cpp
         stdafx.cpp
         c:\Program Files (x86)\Microsoft Visual Studio 10.0\VC\bin\CL.exe /c /ZI /nologo /W3 /WX- /Od /Oy- /D WIN32 /D _WINDOWS /D _DEBUG /D _UNICODE /D UNICODE /D _AFXDLL /Gm /EHsc /RTC1 /MDd /GS /fp:precise /Zc:wchar_t /Zc:forScope /Yu"StdAfx.h" /Fp"Debug\TOH.pch" /Fo"Debug\\" /Fd"Debug\vc100.pdb" /Gd /TP /analyze- /errorReport:prompt TOH.cpp TOHDlg.cpp
         TOHDlg.cpp
         TOH.cpp
         Generating Code...
       ResourceCompile:
         C:\Program Files (x86)\Microsoft SDKs\Windows\v7.0A\bin\rc.exe /D _DEBUG /D _UNICODE /D UNICODE /D _AFXDLL /l"0x0409" /IDebug\ /nologo /fo"Debug\TOH.res" TOH.rc 
       ManifestResourceCompile:
         C:\Program Files (x86)\Microsoft SDKs\Windows\v7.0A\bin\rc.exe /nologo /fo"Debug\TOH.exe.embed.manifest.res" Debug\TOH_manifest.rc 
       Link:
         c:\Program Files (x86)\Microsoft Visual Studio 10.0\VC\bin\link.exe /ERRORREPORT:PROMPT /OUT:"U:\Desktop\sem8fall2014\cs3500\MFC\TOH_Done_Bart2013\Debug\TOH.exe" /INCREMENTAL /NOLOGO /MANIFEST /ManifestFile:"Debug\TOH.exe.intermediate.manifest" /MANIFESTUAC:"level='asInvoker' uiAccess='false'" /DEBUG /PDB:"U:\Desktop\sem8fall2014\cs3500\MFC\TOH_Done_Bart2013\Debug\TOH.pdb" /SUBSYSTEM:WINDOWS /TLBID:1 /ENTRY:"wWinMainCRTStartup" /DYNAMICBASE /NXCOMPAT /IMPLIB:"U:\Desktop\sem8fall2014\cs3500\MFC\TOH_Done_Bart2013\Debug\TOH.lib" /MACHINE:X86 Debug\TOH.res
         Debug\TOH.exe.embed.manifest.res
         Debug\stdafx.obj
         Debug\TOH.obj
         Debug\TOHDlg.obj
       Manifest:
         C:\Program Files (x86)\Microsoft SDKs\Windows\v7.0A\bin\mt.exe /nologo /verbose /out:"Debug\TOH.exe.embed.manifest" /manifest Debug\TOH.exe.intermediate.manifest "c:\Program Files (x86)\Microsoft Visual Studio 10.0\VC\Include\Manifest\dpiaware.manifest"
         C:\Program Files (x86)\Microsoft SDKs\Windows\v7.0A\bin\rc.exe /nologo /fo"Debug\TOH.exe.embed.manifest.res" Debug\TOH_manifest.rc 
       LinkEmbedManifest:
         c:\Program Files (x86)\Microsoft Visual Studio 10.0\VC\bin\link.exe /ERRORREPORT:PROMPT /OUT:"U:\Desktop\sem8fall2014\cs3500\MFC\TOH_Done_Bart2013\Debug\TOH.exe" /INCREMENTAL /NOLOGO /MANIFEST /ManifestFile:"Debug\TOH.exe.intermediate.manifest" /MANIFESTUAC:"level='asInvoker' uiAccess='false'" /DEBUG /PDB:"U:\Desktop\sem8fall2014\cs3500\MFC\TOH_Done_Bart2013\Debug\TOH.pdb" /SUBSYSTEM:WINDOWS /TLBID:1 /ENTRY:"wWinMainCRTStartup" /DYNAMICBASE /NXCOMPAT /IMPLIB:"U:\Desktop\sem8fall2014\cs3500\MFC\TOH_Done_Bart2013\Debug\TOH.lib" /MACHINE:X86 Debug\TOH.res
         Debug\TOH.exe.embed.manifest.res
         Debug\stdafx.obj
         Debug\TOH.obj
         Debug\TOHDlg.obj
         TOH.vcxproj -> U:\Desktop\sem8fall2014\cs3500\MFC\TOH_Done_Bart2013\Debug\TOH.exe
       FinalizeBuildStatus:
         Deleting file "Debug\TOH.unsuccessfulbuild".
         Touching "Debug\TOH.lastbuildstate".
     1>Done Building Project "U:\Desktop\sem8fall2014\cs3500\MFC\TOH_Done_Bart2013\TOH\TOH.vcxproj" (build target(s)).

Build succeeded.

Time Elapsed 00:00:18.50
