H:\Sem 5 Summer 2013(BYU)\Lab3_JurasicPark\Debug\cl.command.1.tlog
H:\Sem 5 Summer 2013(BYU)\Lab3_JurasicPark\Debug\CL.read.1.tlog
H:\Sem 5 Summer 2013(BYU)\Lab3_JurasicPark\Debug\CL.write.1.tlog
H:\SEM 5 SUMMER 2013(BYU)\LAB3_JURASICPARK\DEBUG\LAB3_JURASICPARK.EXE
H:\SEM 5 SUMMER 2013(BYU)\LAB3_JURASICPARK\DEBUG\LAB3_JURASICPARK.EXE.EMBED.MANIFEST
H:\SEM 5 SUMMER 2013(BYU)\LAB3_JURASICPARK\DEBUG\LAB3_JURASICPARK.EXE.EMBED.MANIFEST.RES
H:\SEM 5 SUMMER 2013(BYU)\LAB3_JURASICPARK\DEBUG\LAB3_JURASICPARK.EXE.INTERMEDIATE.MANIFEST
H:\SEM 5 SUMMER 2013(BYU)\LAB3_JURASICPARK\DEBUG\LAB3_JURASICPARK.ILK
H:\SEM 5 SUMMER 2013(BYU)\LAB3_JURASICPARK\DEBUG\LAB3_JURASICPARK.PDB
H:\Sem 5 Summer 2013(BYU)\Lab3_JurasicPark\Debug\Lab3_JurasicPark_manifest.rc
H:\Sem 5 Summer 2013(BYU)\Lab3_JurasicPark\Debug\link.3740.read.1.tlog
H:\Sem 5 Summer 2013(BYU)\Lab3_JurasicPark\Debug\link.3740.write.1.tlog
H:\Sem 5 Summer 2013(BYU)\Lab3_JurasicPark\Debug\link.3740-cvtres.read.1.tlog
H:\Sem 5 Summer 2013(BYU)\Lab3_JurasicPark\Debug\link.3740-cvtres.write.1.tlog
H:\Sem 5 Summer 2013(BYU)\Lab3_JurasicPark\Debug\link.command.1.tlog
H:\Sem 5 Summer 2013(BYU)\Lab3_JurasicPark\Debug\link.read.1.tlog
H:\Sem 5 Summer 2013(BYU)\Lab3_JurasicPark\Debug\link.write.1.tlog
H:\Sem 5 Summer 2013(BYU)\Lab3_JurasicPark\Debug\link-cvtres.read.1.tlog
H:\Sem 5 Summer 2013(BYU)\Lab3_JurasicPark\Debug\link-cvtres.write.1.tlog
H:\Sem 5 Summer 2013(BYU)\Lab3_JurasicPark\Debug\mt.command.1.tlog
H:\Sem 5 Summer 2013(BYU)\Lab3_JurasicPark\Debug\mt.read.1.tlog
H:\Sem 5 Summer 2013(BYU)\Lab3_JurasicPark\Debug\mt.write.1.tlog
H:\SEM 5 SUMMER 2013(BYU)\LAB3_JURASICPARK\DEBUG\OS345.OBJ
H:\SEM 5 SUMMER 2013(BYU)\LAB3_JURASICPARK\DEBUG\OS345FAT.OBJ
H:\SEM 5 SUMMER 2013(BYU)\LAB3_JURASICPARK\DEBUG\OS345LC3.OBJ
H:\SEM 5 SUMMER 2013(BYU)\LAB3_JURASICPARK\DEBUG\OS345MMU.OBJ
H:\SEM 5 SUMMER 2013(BYU)\LAB3_JURASICPARK\DEBUG\OS345P1.OBJ
H:\SEM 5 SUMMER 2013(BYU)\LAB3_JURASICPARK\DEBUG\OS345P2.OBJ
H:\SEM 5 SUMMER 2013(BYU)\LAB3_JURASICPARK\DEBUG\OS345P3.OBJ
H:\SEM 5 SUMMER 2013(BYU)\LAB3_JURASICPARK\DEBUG\OS345P4.OBJ
H:\SEM 5 SUMMER 2013(BYU)\LAB3_JURASICPARK\DEBUG\OS345P5.OBJ
H:\SEM 5 SUMMER 2013(BYU)\LAB3_JURASICPARK\DEBUG\OS345P6.OBJ
H:\SEM 5 SUMMER 2013(BYU)\LAB3_JURASICPARK\DEBUG\OS345PARK.OBJ
H:\Sem 5 Summer 2013(BYU)\Lab3_JurasicPark\Debug\rc.command.1.tlog
H:\Sem 5 Summer 2013(BYU)\Lab3_JurasicPark\Debug\rc.read.1.tlog
H:\Sem 5 Summer 2013(BYU)\Lab3_JurasicPark\Debug\rc.write.1.tlog
H:\Sem 5 Summer 2013(BYU)\Lab3_JurasicPark\Debug\vc100.idb
H:\SEM 5 SUMMER 2013(BYU)\LAB3_JURASICPARK\DEBUG\VC100.PDB
