H:\SEM 5 SUMMER 2013(BYU)\LAB1_SHELL\DEBUG\LAB1_SHELL.EXE
H:\SEM 5 SUMMER 2013(BYU)\LAB1_SHELL\DEBUG\LAB1_SHELL.ILK
H:\SEM 5 SUMMER 2013(BYU)\LAB1_SHELL\DEBUG\LAB1_SHELL.PDB
H:\Sem 5 Summer 2013(BYU)\Lab1_Shell\Lab1_Shell\Debug\cl.command.1.tlog
H:\Sem 5 Summer 2013(BYU)\Lab1_Shell\Lab1_Shell\Debug\CL.read.1.tlog
H:\Sem 5 Summer 2013(BYU)\Lab1_Shell\Lab1_Shell\Debug\CL.write.1.tlog
H:\SEM 5 SUMMER 2013(BYU)\LAB1_SHELL\LAB1_SHELL\DEBUG\LAB1_SHELL.EXE.EMBED.MANIFEST
H:\SEM 5 SUMMER 2013(BYU)\LAB1_SHELL\LAB1_SHELL\DEBUG\LAB1_SHELL.EXE.EMBED.MANIFEST.RES
H:\SEM 5 SUMMER 2013(BYU)\LAB1_SHELL\LAB1_SHELL\DEBUG\LAB1_SHELL.EXE.INTERMEDIATE.MANIFEST
H:\Sem 5 Summer 2013(BYU)\Lab1_Shell\Lab1_Shell\Debug\Lab1_Shell_manifest.rc
H:\Sem 5 Summer 2013(BYU)\Lab1_Shell\Lab1_Shell\Debug\link.6092.read.1.tlog
H:\Sem 5 Summer 2013(BYU)\Lab1_Shell\Lab1_Shell\Debug\link.6092.write.1.tlog
H:\Sem 5 Summer 2013(BYU)\Lab1_Shell\Lab1_Shell\Debug\link.6092-cvtres.read.1.tlog
H:\Sem 5 Summer 2013(BYU)\Lab1_Shell\Lab1_Shell\Debug\link.6092-cvtres.write.1.tlog
H:\Sem 5 Summer 2013(BYU)\Lab1_Shell\Lab1_Shell\Debug\link.command.1.tlog
H:\Sem 5 Summer 2013(BYU)\Lab1_Shell\Lab1_Shell\Debug\link.read.1.tlog
H:\Sem 5 Summer 2013(BYU)\Lab1_Shell\Lab1_Shell\Debug\link.write.1.tlog
H:\Sem 5 Summer 2013(BYU)\Lab1_Shell\Lab1_Shell\Debug\link-cvtres.read.1.tlog
H:\Sem 5 Summer 2013(BYU)\Lab1_Shell\Lab1_Shell\Debug\link-cvtres.write.1.tlog
H:\Sem 5 Summer 2013(BYU)\Lab1_Shell\Lab1_Shell\Debug\mt.command.1.tlog
H:\Sem 5 Summer 2013(BYU)\Lab1_Shell\Lab1_Shell\Debug\mt.read.1.tlog
H:\Sem 5 Summer 2013(BYU)\Lab1_Shell\Lab1_Shell\Debug\mt.write.1.tlog
H:\SEM 5 SUMMER 2013(BYU)\LAB1_SHELL\LAB1_SHELL\DEBUG\OS345.OBJ
H:\SEM 5 SUMMER 2013(BYU)\LAB1_SHELL\LAB1_SHELL\DEBUG\OS345FAT.OBJ
H:\SEM 5 SUMMER 2013(BYU)\LAB1_SHELL\LAB1_SHELL\DEBUG\OS345LC3.OBJ
H:\SEM 5 SUMMER 2013(BYU)\LAB1_SHELL\LAB1_SHELL\DEBUG\OS345MMU.OBJ
H:\SEM 5 SUMMER 2013(BYU)\LAB1_SHELL\LAB1_SHELL\DEBUG\OS345P1.OBJ
H:\SEM 5 SUMMER 2013(BYU)\LAB1_SHELL\LAB1_SHELL\DEBUG\OS345P2.OBJ
H:\SEM 5 SUMMER 2013(BYU)\LAB1_SHELL\LAB1_SHELL\DEBUG\OS345P3.OBJ
H:\SEM 5 SUMMER 2013(BYU)\LAB1_SHELL\LAB1_SHELL\DEBUG\OS345P4.OBJ
H:\SEM 5 SUMMER 2013(BYU)\LAB1_SHELL\LAB1_SHELL\DEBUG\OS345P5.OBJ
H:\SEM 5 SUMMER 2013(BYU)\LAB1_SHELL\LAB1_SHELL\DEBUG\OS345P6.OBJ
H:\SEM 5 SUMMER 2013(BYU)\LAB1_SHELL\LAB1_SHELL\DEBUG\OS345PARK.OBJ
H:\Sem 5 Summer 2013(BYU)\Lab1_Shell\Lab1_Shell\Debug\rc.command.1.tlog
H:\Sem 5 Summer 2013(BYU)\Lab1_Shell\Lab1_Shell\Debug\rc.read.1.tlog
H:\Sem 5 Summer 2013(BYU)\Lab1_Shell\Lab1_Shell\Debug\rc.write.1.tlog
H:\Sem 5 Summer 2013(BYU)\Lab1_Shell\Lab1_Shell\Debug\vc100.idb
H:\SEM 5 SUMMER 2013(BYU)\LAB1_SHELL\LAB1_SHELL\DEBUG\VC100.PDB
