Build started 11/3/2014 1:32:29 PM.
     1>Project "U:\Desktop\sem8fall2014\cs3500\notepod\notepod\notepod.vcxproj" on node 2 (build target(s)).
     1>PrepareForBuild:
         Creating directory "U:\Desktop\sem8fall2014\cs3500\notepod\Debug\".
       InitializeBuildStatus:
         Creating "Debug\notepod.unsuccessfulbuild" because "AlwaysCreate" was specified.
       ClCompile:
         c:\Program Files (x86)\Microsoft Visual Studio 10.0\VC\bin\CL.exe /c /ZI /nologo /W3 /WX- /Od /Oy- /D WIN32 /D _WINDOWS /D _DEBUG /D _UNICODE /D UNICODE /D _AFXDLL /Gm /EHsc /RTC1 /MDd /GS /fp:precise /Zc:wchar_t /Zc:forScope /Yc"StdAfx.h" /Fp"Debug\notepod.pch" /Fo"Debug\\" /Fd"Debug\vc100.pdb" /Gd /TP /analyze- /errorReport:prompt stdafx.cpp
         stdafx.cpp
         c:\Program Files (x86)\Microsoft Visual Studio 10.0\VC\bin\CL.exe /c /ZI /nologo /W3 /WX- /Od /Oy- /D WIN32 /D _WINDOWS /D _DEBUG /D _UNICODE /D UNICODE /D _AFXDLL /Gm /EHsc /RTC1 /MDd /GS /fp:precise /Zc:wchar_t /Zc:forScope /Yu"StdAfx.h" /Fp"Debug\notepod.pch" /Fo"Debug\\" /Fd"Debug\vc100.pdb" /Gd /TP /analyze- /errorReport:prompt ChildFrm.cpp ClassView.cpp FileView.cpp MainFrm.cpp notepod.cpp notepodDoc.cpp notepodView.cpp OutputWnd.cpp PropertiesWnd.cpp ViewTree.cpp
         ViewTree.cpp
         PropertiesWnd.cpp
         OutputWnd.cpp
         notepodView.cpp
         notepodDoc.cpp
         notepod.cpp
         MainFrm.cpp
         FileView.cpp
         ClassView.cpp
         ChildFrm.cpp
         Generating Code...
       ResourceCompile:
         C:\Program Files (x86)\Microsoft SDKs\Windows\v7.0A\bin\rc.exe /D _DEBUG /D _UNICODE /D UNICODE /D _AFXDLL /l"0x0409" /IDebug\ /nologo /fo"Debug\notepod.res" notepod.rc 
       ManifestResourceCompile:
         C:\Program Files (x86)\Microsoft SDKs\Windows\v7.0A\bin\rc.exe /nologo /fo"Debug\notepod.exe.embed.manifest.res" Debug\notepod_manifest.rc 
       Link:
         c:\Program Files (x86)\Microsoft Visual Studio 10.0\VC\bin\link.exe /ERRORREPORT:PROMPT /OUT:"U:\Desktop\sem8fall2014\cs3500\notepod\Debug\notepod.exe" /INCREMENTAL /NOLOGO /MANIFEST /ManifestFile:"Debug\notepod.exe.intermediate.manifest" /MANIFESTUAC:"level='asInvoker' uiAccess='false'" /DEBUG /PDB:"U:\Desktop\sem8fall2014\cs3500\notepod\Debug\notepod.pdb" /SUBSYSTEM:WINDOWS /TLBID:1 /ENTRY:"wWinMainCRTStartup" /DYNAMICBASE /NXCOMPAT /IMPLIB:"U:\Desktop\sem8fall2014\cs3500\notepod\Debug\notepod.lib" /MACHINE:X86 Debug\notepod.res
         Debug\notepod.exe.embed.manifest.res
         Debug\ChildFrm.obj
         Debug\ClassView.obj
         Debug\FileView.obj
         Debug\MainFrm.obj
         Debug\notepod.obj
         Debug\notepodDoc.obj
         Debug\notepodView.obj
         Debug\OutputWnd.obj
         Debug\PropertiesWnd.obj
         Debug\stdafx.obj
         Debug\ViewTree.obj
       Manifest:
         C:\Program Files (x86)\Microsoft SDKs\Windows\v7.0A\bin\mt.exe /nologo /verbose /out:"Debug\notepod.exe.embed.manifest" /manifest Debug\notepod.exe.intermediate.manifest "c:\Program Files (x86)\Microsoft Visual Studio 10.0\VC\Include\Manifest\dpiaware.manifest"
         C:\Program Files (x86)\Microsoft SDKs\Windows\v7.0A\bin\rc.exe /nologo /fo"Debug\notepod.exe.embed.manifest.res" Debug\notepod_manifest.rc 
       LinkEmbedManifest:
         c:\Program Files (x86)\Microsoft Visual Studio 10.0\VC\bin\link.exe /ERRORREPORT:PROMPT /OUT:"U:\Desktop\sem8fall2014\cs3500\notepod\Debug\notepod.exe" /INCREMENTAL /NOLOGO /MANIFEST /ManifestFile:"Debug\notepod.exe.intermediate.manifest" /MANIFESTUAC:"level='asInvoker' uiAccess='false'" /DEBUG /PDB:"U:\Desktop\sem8fall2014\cs3500\notepod\Debug\notepod.pdb" /SUBSYSTEM:WINDOWS /TLBID:1 /ENTRY:"wWinMainCRTStartup" /DYNAMICBASE /NXCOMPAT /IMPLIB:"U:\Desktop\sem8fall2014\cs3500\notepod\Debug\notepod.lib" /MACHINE:X86 Debug\notepod.res
         Debug\notepod.exe.embed.manifest.res
         Debug\ChildFrm.obj
         Debug\ClassView.obj
         Debug\FileView.obj
         Debug\MainFrm.obj
         Debug\notepod.obj
         Debug\notepodDoc.obj
         Debug\notepodView.obj
         Debug\OutputWnd.obj
         Debug\PropertiesWnd.obj
         Debug\stdafx.obj
         Debug\ViewTree.obj
         notepod.vcxproj -> U:\Desktop\sem8fall2014\cs3500\notepod\Debug\notepod.exe
       FinalizeBuildStatus:
         Deleting file "Debug\notepod.unsuccessfulbuild".
         Touching "Debug\notepod.lastbuildstate".
     1>Done Building Project "U:\Desktop\sem8fall2014\cs3500\notepod\notepod\notepod.vcxproj" (build target(s)).

Build succeeded.

Time Elapsed 00:00:33.11
