D:\Sem 5 Summer 2013(BYU)\Lab2_Tasking\Debug\cl.command.1.tlog
D:\Sem 5 Summer 2013(BYU)\Lab2_Tasking\Debug\CL.read.1.tlog
D:\Sem 5 Summer 2013(BYU)\Lab2_Tasking\Debug\CL.write.1.tlog
D:\SEM 5 SUMMER 2013(BYU)\LAB2_TASKING\DEBUG\LAB2_TASKING.EXE
D:\SEM 5 SUMMER 2013(BYU)\LAB2_TASKING\DEBUG\LAB2_TASKING.EXE.EMBED.MANIFEST
D:\SEM 5 SUMMER 2013(BYU)\LAB2_TASKING\DEBUG\LAB2_TASKING.EXE.EMBED.MANIFEST.RES
D:\SEM 5 SUMMER 2013(BYU)\LAB2_TASKING\DEBUG\LAB2_TASKING.EXE.INTERMEDIATE.MANIFEST
D:\SEM 5 SUMMER 2013(BYU)\LAB2_TASKING\DEBUG\LAB2_TASKING.ILK
D:\SEM 5 SUMMER 2013(BYU)\LAB2_TASKING\DEBUG\LAB2_TASKING.PDB
D:\Sem 5 Summer 2013(BYU)\Lab2_Tasking\Debug\Lab2_Tasking_manifest.rc
D:\Sem 5 Summer 2013(BYU)\Lab2_Tasking\Debug\link.2628.read.1.tlog
D:\Sem 5 Summer 2013(BYU)\Lab2_Tasking\Debug\link.2628.write.1.tlog
D:\Sem 5 Summer 2013(BYU)\Lab2_Tasking\Debug\link.2628-cvtres.read.1.tlog
D:\Sem 5 Summer 2013(BYU)\Lab2_Tasking\Debug\link.2628-cvtres.write.1.tlog
D:\Sem 5 Summer 2013(BYU)\Lab2_Tasking\Debug\link.command.1.tlog
D:\Sem 5 Summer 2013(BYU)\Lab2_Tasking\Debug\link.read.1.tlog
D:\Sem 5 Summer 2013(BYU)\Lab2_Tasking\Debug\link.write.1.tlog
D:\Sem 5 Summer 2013(BYU)\Lab2_Tasking\Debug\link-cvtres.read.1.tlog
D:\Sem 5 Summer 2013(BYU)\Lab2_Tasking\Debug\link-cvtres.write.1.tlog
D:\Sem 5 Summer 2013(BYU)\Lab2_Tasking\Debug\mt.command.1.tlog
D:\Sem 5 Summer 2013(BYU)\Lab2_Tasking\Debug\mt.read.1.tlog
D:\Sem 5 Summer 2013(BYU)\Lab2_Tasking\Debug\mt.write.1.tlog
D:\SEM 5 SUMMER 2013(BYU)\LAB2_TASKING\DEBUG\OS345.OBJ
D:\SEM 5 SUMMER 2013(BYU)\LAB2_TASKING\DEBUG\OS345FAT.OBJ
D:\SEM 5 SUMMER 2013(BYU)\LAB2_TASKING\DEBUG\OS345LC3.OBJ
D:\SEM 5 SUMMER 2013(BYU)\LAB2_TASKING\DEBUG\OS345MMU.OBJ
D:\SEM 5 SUMMER 2013(BYU)\LAB2_TASKING\DEBUG\OS345P1.OBJ
D:\SEM 5 SUMMER 2013(BYU)\LAB2_TASKING\DEBUG\OS345P2.OBJ
D:\SEM 5 SUMMER 2013(BYU)\LAB2_TASKING\DEBUG\OS345P3.OBJ
D:\SEM 5 SUMMER 2013(BYU)\LAB2_TASKING\DEBUG\OS345P4.OBJ
D:\SEM 5 SUMMER 2013(BYU)\LAB2_TASKING\DEBUG\OS345P5.OBJ
D:\SEM 5 SUMMER 2013(BYU)\LAB2_TASKING\DEBUG\OS345P6.OBJ
D:\SEM 5 SUMMER 2013(BYU)\LAB2_TASKING\DEBUG\OS345PARK.OBJ
D:\Sem 5 Summer 2013(BYU)\Lab2_Tasking\Debug\rc.command.1.tlog
D:\Sem 5 Summer 2013(BYU)\Lab2_Tasking\Debug\rc.read.1.tlog
D:\Sem 5 Summer 2013(BYU)\Lab2_Tasking\Debug\rc.write.1.tlog
D:\Sem 5 Summer 2013(BYU)\Lab2_Tasking\Debug\vc100.idb
D:\SEM 5 SUMMER 2013(BYU)\LAB2_TASKING\DEBUG\VC100.PDB
