Build started 11/17/2014 1:52:26 PM.
     1>Project "U:\Desktop\sem8fall2014\cs3500\MFC\FreeCell\FreeCellStarter2010\FreeCellStarter2010.vcxproj" on node 2 (build target(s)).
     1>InitializeBuildStatus:
         Creating "Debug\FreeCellStarter2010.unsuccessfulbuild" because "AlwaysCreate" was specified.
       ClCompile:
         All outputs are up-to-date.
         c:\Program Files (x86)\Microsoft Visual Studio 10.0\VC\bin\CL.exe /c /ZI /nologo /W3 /WX- /Od /Oy- /D WIN32 /D _WINDOWS /D _DEBUG /D _UNICODE /D UNICODE /D _AFXDLL /Gm /EHsc /RTC1 /MDd /GS /fp:precise /Zc:wchar_t /Zc:forScope /Yu"StdAfx.h" /Fp"Debug\FreeCellStarter2010.pch" /Fo"Debug\\" /Fd"Debug\vc100.pdb" /Gz /TP /analyze- /errorReport:prompt FreeCellStarter2010.cpp FreeCellStarter2010Dlg.cpp
         FreeCellStarter2010Dlg.cpp
     1>u:\desktop\sem8fall2014\cs3500\mfc\freecell\freecellstarter2010\freecellstarter2010dlg.cpp(187): warning C4244: 'initializing' : conversion from 'time_t' to 'int', possible loss of data
     1>u:\desktop\sem8fall2014\cs3500\mfc\freecell\freecellstarter2010\freecellstarter2010dlg.cpp(192): warning C4996: '_itoa': This function or variable may be unsafe. Consider using _itoa_s instead. To disable deprecation, use _CRT_SECURE_NO_WARNINGS. See online help for details.
                 c:\program files (x86)\microsoft visual studio 10.0\vc\include\stdlib.h(451) : see declaration of '_itoa'
         Generating Code...
         Skipping... (no relevant changes detected)
         FreeCellStarter2010.cpp
       ResourceCompile:
         C:\Program Files (x86)\Microsoft SDKs\Windows\v7.0A\bin\rc.exe /D _DEBUG /D _UNICODE /D UNICODE /D _AFXDLL /l"0x0409" /IDebug\ /nologo /fo"Debug\FreeCellStarter2010.res" FreeCellStarter2010.rc 
       ManifestResourceCompile:
         All outputs are up-to-date.
       Link:
         c:\Program Files (x86)\Microsoft Visual Studio 10.0\VC\bin\link.exe /ERRORREPORT:PROMPT /OUT:"U:\Desktop\sem8fall2014\cs3500\MFC\FreeCell\Debug\FreeCellStarter2010.exe" /INCREMENTAL /NOLOGO /MANIFEST /ManifestFile:"Debug\FreeCellStarter2010.exe.intermediate.manifest" /MANIFESTUAC:"level='asInvoker' uiAccess='false'" /DEBUG /PDB:"U:\Desktop\sem8fall2014\cs3500\MFC\FreeCell\Debug\FreeCellStarter2010.pdb" /SUBSYSTEM:WINDOWS /TLBID:1 /ENTRY:"wWinMainCRTStartup" /DYNAMICBASE /NXCOMPAT /IMPLIB:"U:\Desktop\sem8fall2014\cs3500\MFC\FreeCell\Debug\FreeCellStarter2010.lib" /MACHINE:X86 Debug\FreeCellStarter2010.res
         Debug\FreeCellStarter2010.exe.embed.manifest.res
         Debug\Cell.obj
         Debug\FreeCellStarter2010.obj
         Debug\FreeCellStarter2010Dlg.obj
         Debug\stdafx.obj
         Debug\WindowsCards.obj
       Manifest:
         C:\Program Files (x86)\Microsoft SDKs\Windows\v7.0A\bin\mt.exe /nologo /verbose /out:"Debug\FreeCellStarter2010.exe.embed.manifest" /manifest Debug\FreeCellStarter2010.exe.intermediate.manifest "c:\Program Files (x86)\Microsoft Visual Studio 10.0\VC\Include\Manifest\dpiaware.manifest"
         All outputs are up-to-date.
       LinkEmbedManifest:
         c:\Program Files (x86)\Microsoft Visual Studio 10.0\VC\bin\link.exe /ERRORREPORT:PROMPT /OUT:"U:\Desktop\sem8fall2014\cs3500\MFC\FreeCell\Debug\FreeCellStarter2010.exe" /INCREMENTAL /NOLOGO /MANIFEST /ManifestFile:"Debug\FreeCellStarter2010.exe.intermediate.manifest" /MANIFESTUAC:"level='asInvoker' uiAccess='false'" /DEBUG /PDB:"U:\Desktop\sem8fall2014\cs3500\MFC\FreeCell\Debug\FreeCellStarter2010.pdb" /SUBSYSTEM:WINDOWS /TLBID:1 /ENTRY:"wWinMainCRTStartup" /DYNAMICBASE /NXCOMPAT /IMPLIB:"U:\Desktop\sem8fall2014\cs3500\MFC\FreeCell\Debug\FreeCellStarter2010.lib" /MACHINE:X86 Debug\FreeCellStarter2010.res
         Debug\FreeCellStarter2010.exe.embed.manifest.res
         Debug\Cell.obj
         Debug\FreeCellStarter2010.obj
         Debug\FreeCellStarter2010Dlg.obj
         Debug\stdafx.obj
         Debug\WindowsCards.obj
         FreeCellStarter2010.vcxproj -> U:\Desktop\sem8fall2014\cs3500\MFC\FreeCell\Debug\FreeCellStarter2010.exe
       FinalizeBuildStatus:
         Deleting file "Debug\FreeCellStarter2010.unsuccessfulbuild".
         Touching "Debug\FreeCellStarter2010.lastbuildstate".
     1>Done Building Project "U:\Desktop\sem8fall2014\cs3500\MFC\FreeCell\FreeCellStarter2010\FreeCellStarter2010.vcxproj" (build target(s)).

Build succeeded.

Time Elapsed 00:00:16.96
