D:\SEM 5 SUMMER 2013(BYU)\CS345_INITOS\DEBUG\CS345_INITOS.EXE
D:\SEM 5 SUMMER 2013(BYU)\CS345_INITOS\DEBUG\CS345_INITOS.EXE.EMBED.MANIFEST
D:\SEM 5 SUMMER 2013(BYU)\CS345_INITOS\DEBUG\CS345_INITOS.EXE.EMBED.MANIFEST.RES
D:\SEM 5 SUMMER 2013(BYU)\CS345_INITOS\DEBUG\CS345_INITOS.EXE.INTERMEDIATE.MANIFEST
D:\SEM 5 SUMMER 2013(BYU)\CS345_INITOS\DEBUG\CS345_INITOS.ILK
D:\SEM 5 SUMMER 2013(BYU)\CS345_INITOS\DEBUG\CS345_INITOS.PDB
D:\SEM 5 SUMMER 2013(BYU)\CS345_INITOS\DEBUG\OS345.OBJ
D:\SEM 5 SUMMER 2013(BYU)\CS345_INITOS\DEBUG\OS345FAT.OBJ
D:\SEM 5 SUMMER 2013(BYU)\CS345_INITOS\DEBUG\OS345LC3.OBJ
D:\SEM 5 SUMMER 2013(BYU)\CS345_INITOS\DEBUG\OS345MMU.OBJ
D:\SEM 5 SUMMER 2013(BYU)\CS345_INITOS\DEBUG\OS345P1.OBJ
D:\SEM 5 SUMMER 2013(BYU)\CS345_INITOS\DEBUG\OS345P2.OBJ
D:\SEM 5 SUMMER 2013(BYU)\CS345_INITOS\DEBUG\OS345P3.OBJ
D:\SEM 5 SUMMER 2013(BYU)\CS345_INITOS\DEBUG\OS345P4.OBJ
D:\SEM 5 SUMMER 2013(BYU)\CS345_INITOS\DEBUG\OS345P5.OBJ
D:\SEM 5 SUMMER 2013(BYU)\CS345_INITOS\DEBUG\OS345P6.OBJ
D:\SEM 5 SUMMER 2013(BYU)\CS345_INITOS\DEBUG\OS345PARK.OBJ
D:\SEM 5 SUMMER 2013(BYU)\CS345_INITOS\DEBUG\VC100.PDB
H:\Sem 5 Summer 2013(BYU)\CS345_initOS\Debug\cl.command.1.tlog
H:\Sem 5 Summer 2013(BYU)\CS345_initOS\Debug\CL.read.1.tlog
H:\Sem 5 Summer 2013(BYU)\CS345_initOS\Debug\CL.write.1.tlog
H:\Sem 5 Summer 2013(BYU)\CS345_initOS\Debug\CS345_initOS.exe
H:\Sem 5 Summer 2013(BYU)\CS345_initOS\Debug\CS345_initOS.exe.embed.manifest
H:\Sem 5 Summer 2013(BYU)\CS345_initOS\Debug\CS345_initOS.exe.embed.manifest.res
H:\Sem 5 Summer 2013(BYU)\CS345_initOS\Debug\CS345_initOS.exe.intermediate.manifest
H:\Sem 5 Summer 2013(BYU)\CS345_initOS\Debug\CS345_initOS.ilk
H:\Sem 5 Summer 2013(BYU)\CS345_initOS\Debug\CS345_initOS.pdb
H:\Sem 5 Summer 2013(BYU)\CS345_initOS\Debug\CS345_initOS_manifest.rc
H:\Sem 5 Summer 2013(BYU)\CS345_initOS\Debug\link.2356.read.1.tlog
H:\Sem 5 Summer 2013(BYU)\CS345_initOS\Debug\link.2356.write.1.tlog
H:\Sem 5 Summer 2013(BYU)\CS345_initOS\Debug\link.2356-cvtres.read.1.tlog
H:\Sem 5 Summer 2013(BYU)\CS345_initOS\Debug\link.2356-cvtres.write.1.tlog
H:\Sem 5 Summer 2013(BYU)\CS345_initOS\Debug\link.command.1.tlog
H:\Sem 5 Summer 2013(BYU)\CS345_initOS\Debug\link.read.1.tlog
H:\Sem 5 Summer 2013(BYU)\CS345_initOS\Debug\link.write.1.tlog
H:\Sem 5 Summer 2013(BYU)\CS345_initOS\Debug\link-cvtres.read.1.tlog
H:\Sem 5 Summer 2013(BYU)\CS345_initOS\Debug\link-cvtres.write.1.tlog
H:\Sem 5 Summer 2013(BYU)\CS345_initOS\Debug\mt.command.1.tlog
H:\Sem 5 Summer 2013(BYU)\CS345_initOS\Debug\mt.read.1.tlog
H:\Sem 5 Summer 2013(BYU)\CS345_initOS\Debug\mt.write.1.tlog
H:\Sem 5 Summer 2013(BYU)\CS345_initOS\Debug\os345.obj
H:\Sem 5 Summer 2013(BYU)\CS345_initOS\Debug\os345fat.obj
H:\Sem 5 Summer 2013(BYU)\CS345_initOS\Debug\os345lc3.obj
H:\Sem 5 Summer 2013(BYU)\CS345_initOS\Debug\os345mmu.obj
H:\Sem 5 Summer 2013(BYU)\CS345_initOS\Debug\os345p1.obj
H:\Sem 5 Summer 2013(BYU)\CS345_initOS\Debug\os345p2.obj
H:\Sem 5 Summer 2013(BYU)\CS345_initOS\Debug\os345p3.obj
H:\Sem 5 Summer 2013(BYU)\CS345_initOS\Debug\os345p4.obj
H:\Sem 5 Summer 2013(BYU)\CS345_initOS\Debug\os345p5.obj
H:\Sem 5 Summer 2013(BYU)\CS345_initOS\Debug\os345p6.obj
H:\Sem 5 Summer 2013(BYU)\CS345_initOS\Debug\os345park.obj
H:\Sem 5 Summer 2013(BYU)\CS345_initOS\Debug\rc.command.1.tlog
H:\Sem 5 Summer 2013(BYU)\CS345_initOS\Debug\rc.read.1.tlog
H:\Sem 5 Summer 2013(BYU)\CS345_initOS\Debug\rc.write.1.tlog
H:\Sem 5 Summer 2013(BYU)\CS345_initOS\Debug\vc100.idb
H:\Sem 5 Summer 2013(BYU)\CS345_initOS\Debug\vc100.pdb
