U:\Desktop\sem7spr2014\cs4550\compiler\compiler\Debug\cl.command.1.tlog
U:\Desktop\sem7spr2014\cs4550\compiler\compiler\Debug\CL.read.1.tlog
U:\Desktop\sem7spr2014\cs4550\compiler\compiler\Debug\CL.write.1.tlog
U:\DESKTOP\SEM7SPR2014\CS4550\COMPILER\COMPILER\DEBUG\COMPILER.EXE.EMBED.MANIFEST
U:\DESKTOP\SEM7SPR2014\CS4550\COMPILER\COMPILER\DEBUG\COMPILER.EXE.EMBED.MANIFEST.RES
U:\Desktop\sem7spr2014\cs4550\compiler\compiler\Debug\compiler.exe.intermediate.manifest
U:\Desktop\sem7spr2014\cs4550\compiler\compiler\Debug\compiler.vcxprojResolveAssemblyReference.cache
U:\Desktop\sem7spr2014\cs4550\compiler\compiler\Debug\compiler.write.1.tlog
U:\Desktop\sem7spr2014\cs4550\compiler\compiler\Debug\compiler_manifest.rc
U:\DESKTOP\SEM7SPR2014\CS4550\COMPILER\COMPILER\DEBUG\INSTRUCTIONS_STARTER.OBJ
U:\Desktop\sem7spr2014\cs4550\compiler\compiler\Debug\link.1384.read.1.tlog
U:\Desktop\sem7spr2014\cs4550\compiler\compiler\Debug\link.1384.write.1.tlog
U:\Desktop\sem7spr2014\cs4550\compiler\compiler\Debug\link.1384-cvtres.read.1.tlog
U:\Desktop\sem7spr2014\cs4550\compiler\compiler\Debug\link.1384-cvtres.write.1.tlog
U:\Desktop\sem7spr2014\cs4550\compiler\compiler\Debug\link.1608.read.1.tlog
U:\Desktop\sem7spr2014\cs4550\compiler\compiler\Debug\link.1608.write.1.tlog
U:\Desktop\sem7spr2014\cs4550\compiler\compiler\Debug\link.1608-cvtres.read.1.tlog
U:\Desktop\sem7spr2014\cs4550\compiler\compiler\Debug\link.1608-cvtres.write.1.tlog
U:\Desktop\sem7spr2014\cs4550\compiler\compiler\Debug\link.2060.read.1.tlog
U:\Desktop\sem7spr2014\cs4550\compiler\compiler\Debug\link.2060.write.1.tlog
U:\Desktop\sem7spr2014\cs4550\compiler\compiler\Debug\link.2060-cvtres.read.1.tlog
U:\Desktop\sem7spr2014\cs4550\compiler\compiler\Debug\link.2060-cvtres.write.1.tlog
U:\Desktop\sem7spr2014\cs4550\compiler\compiler\Debug\link.2832.read.1.tlog
U:\Desktop\sem7spr2014\cs4550\compiler\compiler\Debug\link.2832.write.1.tlog
U:\Desktop\sem7spr2014\cs4550\compiler\compiler\Debug\link.2832-cvtres.read.1.tlog
U:\Desktop\sem7spr2014\cs4550\compiler\compiler\Debug\link.2832-cvtres.write.1.tlog
U:\Desktop\sem7spr2014\cs4550\compiler\compiler\Debug\link.2928.read.1.tlog
U:\Desktop\sem7spr2014\cs4550\compiler\compiler\Debug\link.2928.write.1.tlog
U:\Desktop\sem7spr2014\cs4550\compiler\compiler\Debug\link.2928-cvtres.read.1.tlog
U:\Desktop\sem7spr2014\cs4550\compiler\compiler\Debug\link.2928-cvtres.write.1.tlog
U:\Desktop\sem7spr2014\cs4550\compiler\compiler\Debug\link.3244.read.1.tlog
U:\Desktop\sem7spr2014\cs4550\compiler\compiler\Debug\link.3244.write.1.tlog
U:\Desktop\sem7spr2014\cs4550\compiler\compiler\Debug\link.3244-cvtres.read.1.tlog
U:\Desktop\sem7spr2014\cs4550\compiler\compiler\Debug\link.3244-cvtres.write.1.tlog
U:\Desktop\sem7spr2014\cs4550\compiler\compiler\Debug\link.3312.read.1.tlog
U:\Desktop\sem7spr2014\cs4550\compiler\compiler\Debug\link.3312.write.1.tlog
U:\Desktop\sem7spr2014\cs4550\compiler\compiler\Debug\link.3312-cvtres.read.1.tlog
U:\Desktop\sem7spr2014\cs4550\compiler\compiler\Debug\link.3312-cvtres.write.1.tlog
U:\Desktop\sem7spr2014\cs4550\compiler\compiler\Debug\link.4632.read.1.tlog
U:\Desktop\sem7spr2014\cs4550\compiler\compiler\Debug\link.4632.write.1.tlog
U:\Desktop\sem7spr2014\cs4550\compiler\compiler\Debug\link.4632-cvtres.read.1.tlog
U:\Desktop\sem7spr2014\cs4550\compiler\compiler\Debug\link.4632-cvtres.write.1.tlog
U:\Desktop\sem7spr2014\cs4550\compiler\compiler\Debug\link.4720.read.1.tlog
U:\Desktop\sem7spr2014\cs4550\compiler\compiler\Debug\link.4720.write.1.tlog
U:\Desktop\sem7spr2014\cs4550\compiler\compiler\Debug\link.4720-cvtres.read.1.tlog
U:\Desktop\sem7spr2014\cs4550\compiler\compiler\Debug\link.4720-cvtres.write.1.tlog
U:\Desktop\sem7spr2014\cs4550\compiler\compiler\Debug\link.5072.read.1.tlog
U:\Desktop\sem7spr2014\cs4550\compiler\compiler\Debug\link.5072.write.1.tlog
U:\Desktop\sem7spr2014\cs4550\compiler\compiler\Debug\link.5072-cvtres.read.1.tlog
U:\Desktop\sem7spr2014\cs4550\compiler\compiler\Debug\link.5072-cvtres.write.1.tlog
U:\Desktop\sem7spr2014\cs4550\compiler\compiler\Debug\link.848.read.1.tlog
U:\Desktop\sem7spr2014\cs4550\compiler\compiler\Debug\link.848.write.1.tlog
U:\Desktop\sem7spr2014\cs4550\compiler\compiler\Debug\link.848-cvtres.read.1.tlog
U:\Desktop\sem7spr2014\cs4550\compiler\compiler\Debug\link.848-cvtres.write.1.tlog
U:\Desktop\sem7spr2014\cs4550\compiler\compiler\Debug\link.944.read.1.tlog
U:\Desktop\sem7spr2014\cs4550\compiler\compiler\Debug\link.944.write.1.tlog
U:\Desktop\sem7spr2014\cs4550\compiler\compiler\Debug\link.944-cvtres.read.1.tlog
U:\Desktop\sem7spr2014\cs4550\compiler\compiler\Debug\link.944-cvtres.write.1.tlog
U:\Desktop\sem7spr2014\cs4550\compiler\compiler\Debug\link.command.1.tlog
U:\Desktop\sem7spr2014\cs4550\compiler\compiler\Debug\link.read.1.tlog
U:\Desktop\sem7spr2014\cs4550\compiler\compiler\Debug\link.write.1.tlog
U:\Desktop\sem7spr2014\cs4550\compiler\compiler\Debug\link-cvtres.read.1.tlog
U:\Desktop\sem7spr2014\cs4550\compiler\compiler\Debug\link-cvtres.write.1.tlog
U:\DESKTOP\SEM7SPR2014\CS4550\COMPILER\COMPILER\DEBUG\MAIN.OBJ
U:\Desktop\sem7spr2014\cs4550\compiler\compiler\Debug\mt.command.1.tlog
U:\Desktop\sem7spr2014\cs4550\compiler\compiler\Debug\mt.read.1.tlog
U:\Desktop\sem7spr2014\cs4550\compiler\compiler\Debug\mt.write.1.tlog
U:\DESKTOP\SEM7SPR2014\CS4550\COMPILER\COMPILER\DEBUG\NODE.OBJ
U:\DESKTOP\SEM7SPR2014\CS4550\COMPILER\COMPILER\DEBUG\PARSER.OBJ
U:\Desktop\sem7spr2014\cs4550\compiler\compiler\Debug\rc.command.1.tlog
U:\Desktop\sem7spr2014\cs4550\compiler\compiler\Debug\rc.read.1.tlog
U:\Desktop\sem7spr2014\cs4550\compiler\compiler\Debug\rc.write.1.tlog
U:\DESKTOP\SEM7SPR2014\CS4550\COMPILER\COMPILER\DEBUG\SCANNER.OBJ
U:\DESKTOP\SEM7SPR2014\CS4550\COMPILER\COMPILER\DEBUG\STATEMACHINE.OBJ
U:\DESKTOP\SEM7SPR2014\CS4550\COMPILER\COMPILER\DEBUG\SYMBOL.OBJ
U:\DESKTOP\SEM7SPR2014\CS4550\COMPILER\COMPILER\DEBUG\TOKEN.OBJ
U:\Desktop\sem7spr2014\cs4550\compiler\compiler\Debug\vc100.idb
U:\DESKTOP\SEM7SPR2014\CS4550\COMPILER\COMPILER\DEBUG\VC100.PDB
U:\Desktop\sem7spr2014\cs4550\compiler\Debug\compiler.exe
U:\Desktop\sem7spr2014\cs4550\compiler\Debug\compiler.ilk
U:\DESKTOP\SEM7SPR2014\CS4550\COMPILER\DEBUG\COMPILER.PDB
